[ 2014-07-24T13:19:02+08:00 ] 0.0.0.0 /shuxiuclothes/index.php/Order/php
INFO: [ app_begin ] --START--
INFO: ReadHtmlCache Behavior ::run [ RunTime:0.002678s ]
INFO: [ app_begin ] --END-- [ RunTime:0.003020s ]
ERR: 非法操作:php

[ 2014-07-24T13:19:20+08:00 ] 0.0.0.0 /shuxiuclothes/index.php/Order/php
INFO: [ app_begin ] --START--
INFO: ReadHtmlCache Behavior ::run [ RunTime:0.003512s ]
INFO: [ app_begin ] --END-- [ RunTime:0.003945s ]
ERR: 非法操作:php

[ 2014-07-24T13:50:07+08:00 ] 0.0.0.0 /shuxiuclothes/index.php/Order/php
INFO: [ app_begin ] --START--
INFO: ReadHtmlCache Behavior ::run [ RunTime:0.002552s ]
INFO: [ app_begin ] --END-- [ RunTime:0.002931s ]
ERR: 非法操作:php

[ 2014-07-24T13:52:48+08:00 ] 0.0.0.0 /shuxiuclothes/index.php/Order/php
INFO: [ app_begin ] --START--
INFO: ReadHtmlCache Behavior ::run [ RunTime:0.002525s ]
INFO: [ app_begin ] --END-- [ RunTime:0.002890s ]
ERR: 非法操作:php

[ 2014-07-24T13:54:29+08:00 ] 0.0.0.0 /shuxiuclothes/index.php/Order/php
INFO: [ app_begin ] --START--
INFO: ReadHtmlCache Behavior ::run [ RunTime:0.002881s ]
INFO: [ app_begin ] --END-- [ RunTime:0.003253s ]
ERR: 非法操作:php

[ 2014-07-24T14:07:41+08:00 ] 0.0.0.0 /shuxiuclothes/index.php/Order/php
INFO: [ app_begin ] --START--
INFO: ReadHtmlCache Behavior ::run [ RunTime:0.002550s ]
INFO: [ app_begin ] --END-- [ RunTime:0.002871s ]
ERR: 非法操作:php

[ 2014-07-24T15:42:16+08:00 ] 0.0.0.0 /shuxiuclothes/index.php/User/myModal0
INFO: [ app_begin ] --START--
INFO: ReadHtmlCache Behavior ::run [ RunTime:0.001826s ]
INFO: [ app_begin ] --END-- [ RunTime:0.002080s ]
ERR: 非法操作:myModal0

[ 2014-07-24T15:42:33+08:00 ] 0.0.0.0 /shuxiuclothes/index.php/User/myModal0
INFO: [ app_begin ] --START--
INFO: ReadHtmlCache Behavior ::run [ RunTime:0.002746s ]
INFO: [ app_begin ] --END-- [ RunTime:0.003113s ]
ERR: 非法操作:myModal0

[ 2014-07-24T16:32:48+08:00 ] 0.0.0.0 /shuxiuclothes/index.php/Order/php
INFO: [ app_begin ] --START--
INFO: ReadHtmlCache Behavior ::run [ RunTime:0.002515s ]
INFO: [ app_begin ] --END-- [ RunTime:0.002887s ]
ERR: 非法操作:php

[ 2014-07-24T16:33:19+08:00 ] 0.0.0.0 /shuxiuclothes/index.php/Order/php
INFO: [ app_begin ] --START--
INFO: ReadHtmlCache Behavior ::run [ RunTime:0.002662s ]
INFO: [ app_begin ] --END-- [ RunTime:0.003007s ]
ERR: 非法操作:php

[ 2014-07-24T16:34:29+08:00 ] 0.0.0.0 /shuxiuclothes/index.php/Order/php
INFO: [ app_begin ] --START--
INFO: ReadHtmlCache Behavior ::run [ RunTime:0.005735s ]
INFO: [ app_begin ] --END-- [ RunTime:0.006005s ]
ERR: 非法操作:php

