[ 2014-07-20T15:15:59+08:00 ] 0.0.0.0 /shuxiuclothes/index.php/Order/detail/id/27.html
ERR: XML标签语法错误 : name="detail['size']" id="vo" key=0

[ 2014-07-20T15:25:04+08:00 ] 0.0.0.0 /shuxiuclothes/index.php/Order/submit.htmlArray%7D
ERR: 非法操作:submit.htmlArray}

[ 2014-07-20T15:25:48+08:00 ] 0.0.0.0 /shuxiuclothes/index.php/Order/submit.htmlArray%7D
ERR: 非法操作:submit.htmlArray}

[ 2014-07-20T15:26:33+08:00 ] 0.0.0.0 /shuxiuclothes/index.php/Order/submit.htmlArray%7D
ERR: 非法操作:submit.htmlArray}

[ 2014-07-20T15:27:15+08:00 ] 0.0.0.0 /shuxiuclothes/index.php/Order/submit.html%7D
ERR: 非法操作:submit.html}

[ 2014-07-20T15:27:34+08:00 ] 0.0.0.0 /shuxiuclothes/index.php/Order/submit.html%7D
ERR: 非法操作:submit.html}

[ 2014-07-20T15:27:43+08:00 ] 0.0.0.0 /shuxiuclothes/index.php/Order/submit.html%7D
ERR: 非法操作:submit.html}

[ 2014-07-20T15:27:47+08:00 ] 0.0.0.0 /shuxiuclothes/index.php/Order/submit.html%7D
ERR: 非法操作:submit.html}

[ 2014-07-20T15:27:55+08:00 ] 0.0.0.0 /shuxiuclothes/index.php/Order/submit.html%7D
ERR: 非法操作:submit.html}

[ 2014-07-20T15:28:13+08:00 ] 0.0.0.0 /shuxiuclothes/index.php/Order/submit.html%7D
ERR: 非法操作:submit.html}

[ 2014-07-20T15:29:21+08:00 ] 0.0.0.0 /shuxiuclothes/index.php/Order/submit.htmlArray
ERR: 非法操作:submit.htmlArray

[ 2014-07-20T15:30:48+08:00 ] 0.0.0.0 /shuxiuclothes/index.php/Order/submit.htmlArray
ERR: 非法操作:submit.htmlArray

[ 2014-07-20T15:54:29+08:00 ] 0.0.0.0 /shuxiuclothes/index.php/Order/submit.html
ERR: Model:inputToCart您所请求的方法不存在！

[ 2014-07-20T16:24:15+08:00 ] 0.0.0.0 /shuxiuclothes/index.php/User/php/bucketfunction.php
INFO: [ app_begin ] --START--
INFO: ReadHtmlCache Behavior ::run [ RunTime:0.000571s ]
INFO: [ app_begin ] --END-- [ RunTime:0.000652s ]
ERR: 非法操作:php

[ 2014-07-20T16:24:29+08:00 ] 0.0.0.0 /shuxiuclothes/index.php/User/php/bucketfunction.php
INFO: [ app_begin ] --START--
INFO: ReadHtmlCache Behavior ::run [ RunTime:0.000549s ]
INFO: [ app_begin ] --END-- [ RunTime:0.000630s ]
ERR: 非法操作:php

[ 2014-07-20T16:24:32+08:00 ] 0.0.0.0 /shuxiuclothes/index.php/User/php/bucketfunction.php
INFO: [ app_begin ] --START--
INFO: ReadHtmlCache Behavior ::run [ RunTime:0.000622s ]
INFO: [ app_begin ] --END-- [ RunTime:0.000727s ]
ERR: 非法操作:php

[ 2014-07-20T16:24:33+08:00 ] 0.0.0.0 /shuxiuclothes/index.php/User/php/bucketfunction.php
INFO: [ app_begin ] --START--
INFO: ReadHtmlCache Behavior ::run [ RunTime:0.000583s ]
INFO: [ app_begin ] --END-- [ RunTime:0.000688s ]
ERR: 非法操作:php

[ 2014-07-20T16:24:37+08:00 ] 0.0.0.0 /shuxiuclothes/index.php/User/php/bucketfunction.php
INFO: [ app_begin ] --START--
INFO: ReadHtmlCache Behavior ::run [ RunTime:0.000536s ]
INFO: [ app_begin ] --END-- [ RunTime:0.000613s ]
ERR: 非法操作:php

[ 2014-07-20T16:24:43+08:00 ] 0.0.0.0 /shuxiuclothes/index.php/User/php/bucketfunction.php
INFO: [ app_begin ] --START--
INFO: ReadHtmlCache Behavior ::run [ RunTime:0.000488s ]
INFO: [ app_begin ] --END-- [ RunTime:0.000565s ]
ERR: 非法操作:php

[ 2014-07-20T16:24:46+08:00 ] 0.0.0.0 /shuxiuclothes/index.php/User/php/bucketfunction.php
INFO: [ app_begin ] --START--
INFO: ReadHtmlCache Behavior ::run [ RunTime:0.000493s ]
INFO: [ app_begin ] --END-- [ RunTime:0.000576s ]
ERR: 非法操作:php

[ 2014-07-20T16:25:41+08:00 ] 0.0.0.0 /shuxiuclothes/index.php/User/php/bucketfunction.php
INFO: [ app_begin ] --START--
INFO: ReadHtmlCache Behavior ::run [ RunTime:0.000488s ]
INFO: [ app_begin ] --END-- [ RunTime:0.000565s ]
ERR: 非法操作:php

[ 2014-07-20T16:25:44+08:00 ] 0.0.0.0 /shuxiuclothes/index.php/User/php/bucketfunction.php
INFO: [ app_begin ] --START--
INFO: ReadHtmlCache Behavior ::run [ RunTime:0.000548s ]
INFO: [ app_begin ] --END-- [ RunTime:0.000627s ]
ERR: 非法操作:php

[ 2014-07-20T16:25:50+08:00 ] 0.0.0.0 /shuxiuclothes/index.php/User/php/bucketfunction.php
INFO: [ app_begin ] --START--
INFO: ReadHtmlCache Behavior ::run [ RunTime:0.000483s ]
INFO: [ app_begin ] --END-- [ RunTime:0.000562s ]
ERR: 非法操作:php

[ 2014-07-20T16:26:12+08:00 ] 0.0.0.0 /shuxiuclothes/index.php/User/php/bucketfunction.php
INFO: [ app_begin ] --START--
INFO: ReadHtmlCache Behavior ::run [ RunTime:0.000672s ]
INFO: [ app_begin ] --END-- [ RunTime:0.000755s ]
ERR: 非法操作:php

[ 2014-07-20T16:27:05+08:00 ] 0.0.0.0 /shuxiuclothes/index.php/User/php/bucketfunction.php
INFO: [ app_begin ] --START--
INFO: ReadHtmlCache Behavior ::run [ RunTime:0.000772s ]
INFO: [ app_begin ] --END-- [ RunTime:0.000890s ]
ERR: 非法操作:php

[ 2014-07-20T16:29:56+08:00 ] 0.0.0.0 /shuxiuclothes/index.php/User/php/bucketfunction.php
INFO: [ app_begin ] --START--
INFO: ReadHtmlCache Behavior ::run [ RunTime:0.000706s ]
INFO: [ app_begin ] --END-- [ RunTime:0.000892s ]
ERR: 非法操作:php

[ 2014-07-20T16:29:57+08:00 ] 0.0.0.0 /shuxiuclothes/index.php/User/php/bucketfunction.php
INFO: [ app_begin ] --START--
INFO: ReadHtmlCache Behavior ::run [ RunTime:0.000482s ]
INFO: [ app_begin ] --END-- [ RunTime:0.000561s ]
ERR: 非法操作:php

[ 2014-07-20T16:29:58+08:00 ] 0.0.0.0 /shuxiuclothes/index.php/User/php/bucketfunction.php
INFO: [ app_begin ] --START--
INFO: ReadHtmlCache Behavior ::run [ RunTime:0.000539s ]
INFO: [ app_begin ] --END-- [ RunTime:0.000618s ]
ERR: 非法操作:php

[ 2014-07-20T16:30:11+08:00 ] 0.0.0.0 /shuxiuclothes/index.php/User/php/bucketfunction.php
INFO: [ app_begin ] --START--
INFO: ReadHtmlCache Behavior ::run [ RunTime:0.000519s ]
INFO: [ app_begin ] --END-- [ RunTime:0.000594s ]
ERR: 非法操作:php

[ 2014-07-20T16:31:31+08:00 ] 0.0.0.0 /shuxiuclothes/index.php/User/php/bucketfunction.php
INFO: [ app_begin ] --START--
INFO: ReadHtmlCache Behavior ::run [ RunTime:0.000526s ]
INFO: [ app_begin ] --END-- [ RunTime:0.000617s ]
ERR: 非法操作:php

[ 2014-07-20T16:31:46+08:00 ] 0.0.0.0 /shuxiuclothes/index.php/User/php/bucketfunction.php
INFO: [ app_begin ] --START--
INFO: ReadHtmlCache Behavior ::run [ RunTime:0.000584s ]
INFO: [ app_begin ] --END-- [ RunTime:0.000669s ]
ERR: 非法操作:php

[ 2014-07-20T16:32:51+08:00 ] 0.0.0.0 /shuxiuclothes/index.php/User/php/bucketfunction.php
INFO: [ app_begin ] --START--
INFO: ReadHtmlCache Behavior ::run [ RunTime:0.000538s ]
INFO: [ app_begin ] --END-- [ RunTime:0.000616s ]
ERR: 非法操作:php

[ 2014-07-20T16:33:14+08:00 ] 0.0.0.0 /shuxiuclothes/index.php/User/php/bucketfunction.php
INFO: [ app_begin ] --START--
INFO: ReadHtmlCache Behavior ::run [ RunTime:0.000541s ]
INFO: [ app_begin ] --END-- [ RunTime:0.000618s ]
ERR: 非法操作:php

[ 2014-07-20T18:42:45+08:00 ] 0.0.0.0 /shuxiuclothes/index.php/User/php/bucketfunction.php
INFO: [ app_begin ] --START--
INFO: ReadHtmlCache Behavior ::run [ RunTime:0.000586s ]
INFO: [ app_begin ] --END-- [ RunTime:0.000670s ]
ERR: 非法操作:php

[ 2014-07-20T18:44:28+08:00 ] 0.0.0.0 /shuxiuclothes/index.php/User/php/bucketfunction.php
INFO: [ app_begin ] --START--
INFO: ReadHtmlCache Behavior ::run [ RunTime:0.000537s ]
INFO: [ app_begin ] --END-- [ RunTime:0.000613s ]
ERR: 非法操作:php

[ 2014-07-20T18:44:54+08:00 ] 0.0.0.0 /shuxiuclothes/index.php/User/php/bucketfunction.php
INFO: [ app_begin ] --START--
INFO: ReadHtmlCache Behavior ::run [ RunTime:0.000539s ]
INFO: [ app_begin ] --END-- [ RunTime:0.000616s ]
ERR: 非法操作:php

[ 2014-07-20T18:45:43+08:00 ] 0.0.0.0 /shuxiuclothes/index.php/User/php/bucketfunction.php
INFO: [ app_begin ] --START--
INFO: ReadHtmlCache Behavior ::run [ RunTime:0.000485s ]
INFO: [ app_begin ] --END-- [ RunTime:0.000562s ]
ERR: 非法操作:php

[ 2014-07-20T18:46:09+08:00 ] 0.0.0.0 /shuxiuclothes/index.php/User/php/bucketfunction.php
INFO: [ app_begin ] --START--
INFO: ReadHtmlCache Behavior ::run [ RunTime:0.000553s ]
INFO: [ app_begin ] --END-- [ RunTime:0.000631s ]
ERR: 非法操作:php

[ 2014-07-20T18:46:27+08:00 ] 0.0.0.0 /shuxiuclothes/index.php/User/php/bucketfunction.php
INFO: [ app_begin ] --START--
INFO: ReadHtmlCache Behavior ::run [ RunTime:0.000543s ]
INFO: [ app_begin ] --END-- [ RunTime:0.000622s ]
ERR: 非法操作:php

[ 2014-07-20T18:46:41+08:00 ] 0.0.0.0 /shuxiuclothes/index.php/User/php/bucketfunction.php
INFO: [ app_begin ] --START--
INFO: ReadHtmlCache Behavior ::run [ RunTime:0.000539s ]
INFO: [ app_begin ] --END-- [ RunTime:0.000617s ]
ERR: 非法操作:php

[ 2014-07-20T18:47:10+08:00 ] 0.0.0.0 /shuxiuclothes/index.php/User/php/bucketfunction.php
INFO: [ app_begin ] --START--
INFO: ReadHtmlCache Behavior ::run [ RunTime:0.000552s ]
INFO: [ app_begin ] --END-- [ RunTime:0.000630s ]
ERR: 非法操作:php

[ 2014-07-20T18:49:21+08:00 ] 0.0.0.0 /shuxiuclothes/index.php/User/php/bucketfunction.php
INFO: [ app_begin ] --START--
INFO: ReadHtmlCache Behavior ::run [ RunTime:0.000489s ]
INFO: [ app_begin ] --END-- [ RunTime:0.000566s ]
ERR: 非法操作:php

[ 2014-07-20T18:49:37+08:00 ] 0.0.0.0 /shuxiuclothes/index.php/User/php/bucketfunction.php
INFO: [ app_begin ] --START--
INFO: ReadHtmlCache Behavior ::run [ RunTime:0.000545s ]
INFO: [ app_begin ] --END-- [ RunTime:0.000623s ]
ERR: 非法操作:php

[ 2014-07-20T18:54:54+08:00 ] 0.0.0.0 /shuxiuclothes/index.php/User/php/bucketfunction.php
INFO: [ app_begin ] --START--
INFO: ReadHtmlCache Behavior ::run [ RunTime:0.000832s ]
INFO: [ app_begin ] --END-- [ RunTime:0.000943s ]
ERR: 非法操作:php

[ 2014-07-20T18:55:48+08:00 ] 0.0.0.0 /shuxiuclothes/index.php/User/php/bucketfunction.php
INFO: [ app_begin ] --START--
INFO: ReadHtmlCache Behavior ::run [ RunTime:0.000482s ]
INFO: [ app_begin ] --END-- [ RunTime:0.000559s ]
ERR: 非法操作:php

[ 2014-07-20T18:55:52+08:00 ] 0.0.0.0 /shuxiuclothes/index.php/User/php/bucketfunction.php
INFO: [ app_begin ] --START--
INFO: ReadHtmlCache Behavior ::run [ RunTime:0.000509s ]
INFO: [ app_begin ] --END-- [ RunTime:0.000591s ]
ERR: 非法操作:php

[ 2014-07-20T18:56:07+08:00 ] 0.0.0.0 /shuxiuclothes/index.php/User/php/bucketfunction.php
INFO: [ app_begin ] --START--
INFO: ReadHtmlCache Behavior ::run [ RunTime:0.000467s ]
INFO: [ app_begin ] --END-- [ RunTime:0.000541s ]
ERR: 非法操作:php

[ 2014-07-20T18:58:13+08:00 ] 0.0.0.0 /shuxiuclothes/index.php/User/php/bucketfunction.php
INFO: [ app_begin ] --START--
INFO: ReadHtmlCache Behavior ::run [ RunTime:0.000538s ]
INFO: [ app_begin ] --END-- [ RunTime:0.000615s ]
ERR: 非法操作:php

[ 2014-07-20T19:01:58+08:00 ] 0.0.0.0 /shuxiuclothes/index.php/User/php/bucketfunction.php
INFO: [ app_begin ] --START--
INFO: ReadHtmlCache Behavior ::run [ RunTime:0.000472s ]
INFO: [ app_begin ] --END-- [ RunTime:0.000549s ]
ERR: 非法操作:php

[ 2014-07-20T19:02:20+08:00 ] 0.0.0.0 /shuxiuclothes/index.php/User/php/bucketfunction.php
INFO: [ app_begin ] --START--
INFO: ReadHtmlCache Behavior ::run [ RunTime:0.000551s ]
INFO: [ app_begin ] --END-- [ RunTime:0.000639s ]
ERR: 非法操作:php

[ 2014-07-20T19:16:02+08:00 ] 0.0.0.0 /shuxiuclothes/index.php/User/php/bucketfunction.php
INFO: [ app_begin ] --START--
INFO: ReadHtmlCache Behavior ::run [ RunTime:0.000524s ]
INFO: [ app_begin ] --END-- [ RunTime:0.000602s ]
ERR: 非法操作:php

[ 2014-07-20T19:16:12+08:00 ] 0.0.0.0 /shuxiuclothes/index.php/User/php/bucketfunction.php
INFO: [ app_begin ] --START--
INFO: ReadHtmlCache Behavior ::run [ RunTime:0.000539s ]
INFO: [ app_begin ] --END-- [ RunTime:0.000618s ]
ERR: 非法操作:php

[ 2014-07-20T19:23:12+08:00 ] 0.0.0.0 /shuxiuclothes/index.php/User/php/bucketfunction.php
INFO: [ app_begin ] --START--
INFO: ReadHtmlCache Behavior ::run [ RunTime:0.000487s ]
INFO: [ app_begin ] --END-- [ RunTime:0.000564s ]
ERR: 非法操作:php

[ 2014-07-20T19:24:27+08:00 ] 0.0.0.0 /shuxiuclothes/index.php/User/php/bucketfunction.php
INFO: [ app_begin ] --START--
INFO: ReadHtmlCache Behavior ::run [ RunTime:0.000550s ]
INFO: [ app_begin ] --END-- [ RunTime:0.000630s ]
ERR: 非法操作:php

[ 2014-07-20T19:25:01+08:00 ] 0.0.0.0 /shuxiuclothes/index.php/User/php/bucketfunction.php
INFO: [ app_begin ] --START--
INFO: ReadHtmlCache Behavior ::run [ RunTime:0.000515s ]
INFO: [ app_begin ] --END-- [ RunTime:0.000598s ]
ERR: 非法操作:php

[ 2014-07-20T19:25:53+08:00 ] 0.0.0.0 /shuxiuclothes/index.php/User/php/bucketfunction.php
INFO: [ app_begin ] --START--
INFO: ReadHtmlCache Behavior ::run [ RunTime:0.000537s ]
INFO: [ app_begin ] --END-- [ RunTime:0.000615s ]
ERR: 非法操作:php

[ 2014-07-20T19:27:41+08:00 ] 0.0.0.0 /shuxiuclothes/index.php/User/php/bucketfunction.php
INFO: [ app_begin ] --START--
INFO: ReadHtmlCache Behavior ::run [ RunTime:0.000511s ]
INFO: [ app_begin ] --END-- [ RunTime:0.000589s ]
ERR: 非法操作:php

[ 2014-07-20T19:27:58+08:00 ] 0.0.0.0 /shuxiuclothes/index.php/User/php/bucketfunction.php
INFO: [ app_begin ] --START--
INFO: ReadHtmlCache Behavior ::run [ RunTime:0.000480s ]
INFO: [ app_begin ] --END-- [ RunTime:0.000566s ]
ERR: 非法操作:php

[ 2014-07-20T19:28:18+08:00 ] 0.0.0.0 /shuxiuclothes/index.php/User/php/bucketfunction.php
INFO: [ app_begin ] --START--
INFO: ReadHtmlCache Behavior ::run [ RunTime:0.000541s ]
INFO: [ app_begin ] --END-- [ RunTime:0.000618s ]
ERR: 非法操作:php

[ 2014-07-20T19:28:31+08:00 ] 0.0.0.0 /shuxiuclothes/index.php/User/php/bucketfunction.php
INFO: [ app_begin ] --START--
INFO: ReadHtmlCache Behavior ::run [ RunTime:0.000505s ]
INFO: [ app_begin ] --END-- [ RunTime:0.000582s ]
ERR: 非法操作:php

