[ 2014-07-21T11:14:13+08:00 ] 0.0.0.0 /shuxiuclothes/index.php/User/php/bucketfunction.php
INFO: [ app_begin ] --START--
INFO: ReadHtmlCache Behavior ::run [ RunTime:0.001820s ]
INFO: [ app_begin ] --END-- [ RunTime:0.002125s ]
ERR: 非法操作:php

[ 2014-07-21T13:13:35+08:00 ] 0.0.0.0 /shuxiuclothes/index.php/User/php/bucketfunction.php
INFO: [ app_begin ] --START--
INFO: ReadHtmlCache Behavior ::run [ RunTime:0.002739s ]
INFO: [ app_begin ] --END-- [ RunTime:0.003186s ]
ERR: 非法操作:php

[ 2014-07-21T13:16:31+08:00 ] 0.0.0.0 /shuxiuclothes/index.php/User/php/bucketfunction.php
INFO: [ app_begin ] --START--
INFO: ReadHtmlCache Behavior ::run [ RunTime:0.002630s ]
INFO: [ app_begin ] --END-- [ RunTime:0.003028s ]
ERR: 非法操作:php

[ 2014-07-21T13:18:27+08:00 ] 0.0.0.0 /shuxiuclothes/index.php/User/php/bucketfunction.php
INFO: [ app_begin ] --START--
INFO: ReadHtmlCache Behavior ::run [ RunTime:0.002903s ]
INFO: [ app_begin ] --END-- [ RunTime:0.003264s ]
ERR: 非法操作:php

[ 2014-07-21T13:19:07+08:00 ] 0.0.0.0 /shuxiuclothes/index.php/User/php/bucketfunction.php
INFO: [ app_begin ] --START--
INFO: ReadHtmlCache Behavior ::run [ RunTime:0.002343s ]
INFO: [ app_begin ] --END-- [ RunTime:0.002674s ]
ERR: 非法操作:php

[ 2014-07-21T13:20:08+08:00 ] 0.0.0.0 /shuxiuclothes/index.php/User/php/bucketfunction.php
INFO: [ app_begin ] --START--
INFO: ReadHtmlCache Behavior ::run [ RunTime:0.001927s ]
INFO: [ app_begin ] --END-- [ RunTime:0.002224s ]
ERR: 非法操作:php

[ 2014-07-21T13:23:02+08:00 ] 0.0.0.0 /shuxiuclothes/index.php/User/php/bucketfunction.php
INFO: [ app_begin ] --START--
INFO: ReadHtmlCache Behavior ::run [ RunTime:0.002155s ]
INFO: [ app_begin ] --END-- [ RunTime:0.002614s ]
ERR: 非法操作:php

[ 2014-07-21T13:27:02+08:00 ] 0.0.0.0 /shuxiuclothes/index.php/User/php/bucketfunction.php
INFO: [ app_begin ] --START--
INFO: ReadHtmlCache Behavior ::run [ RunTime:0.002102s ]
INFO: [ app_begin ] --END-- [ RunTime:0.002918s ]
ERR: 非法操作:php

[ 2014-07-21T13:29:40+08:00 ] 0.0.0.0 /shuxiuclothes/index.php/User/php/bucketfunction.php
INFO: [ app_begin ] --START--
INFO: ReadHtmlCache Behavior ::run [ RunTime:0.002994s ]
INFO: [ app_begin ] --END-- [ RunTime:0.003489s ]
ERR: 非法操作:php

[ 2014-07-21T13:30:17+08:00 ] 0.0.0.0 /shuxiuclothes/index.php/User/php/bucketfunction.php
INFO: [ app_begin ] --START--
INFO: ReadHtmlCache Behavior ::run [ RunTime:0.002256s ]
INFO: [ app_begin ] --END-- [ RunTime:0.002631s ]
ERR: 非法操作:php

[ 2014-07-21T13:33:46+08:00 ] 0.0.0.0 /shuxiuclothes/index.php/User/php/bucketfunction.php
INFO: [ app_begin ] --START--
INFO: ReadHtmlCache Behavior ::run [ RunTime:0.002758s ]
INFO: [ app_begin ] --END-- [ RunTime:0.003150s ]
ERR: 非法操作:php

[ 2014-07-21T13:47:07+08:00 ] 0.0.0.0 /shuxiuclothes/index.php/User/php/bucketfunction.php
INFO: [ app_begin ] --START--
INFO: ReadHtmlCache Behavior ::run [ RunTime:0.003514s ]
INFO: [ app_begin ] --END-- [ RunTime:0.004040s ]
ERR: 非法操作:php

