<<<<<<< HEAD
[ 2014-07-17T12:42:21+08:00 ] 0.0.0.0 /shuxiuclothes/index.php/User/php/bucketfunction.php
INFO: [ app_begin ] --START--
INFO: ReadHtmlCache Behavior ::run [ RunTime:0.000556s ]
INFO: [ app_begin ] --END-- [ RunTime:0.000635s ]
ERR: 非法操作:php
=======
[ 2014-07-17T15:59:15+08:00 ] 0.0.0.0 /shuxiuclothes/index.php/Admin/%7B%7D
ERR: 非法操作:{}
>>>>>>> 95b151fd6299315247de07046b551f3b5b8238e4

[ 2014-07-17T19:29:10+08:00 ] 0.0.0.0 /shuxiuclothes/index.php/User/php/bucketfunction.php
INFO: [ app_begin ] --START--
INFO: ReadHtmlCache Behavior ::run [ RunTime:0.000546s ]
INFO: [ app_begin ] --END-- [ RunTime:0.000629s ]
ERR: 非法操作:php

[ 2014-07-17T19:29:17+08:00 ] 0.0.0.0 /shuxiuclothes/index.php/User/php/bucketfunction.php
INFO: [ app_begin ] --START--
INFO: ReadHtmlCache Behavior ::run [ RunTime:0.000544s ]
INFO: [ app_begin ] --END-- [ RunTime:0.000623s ]
ERR: 非法操作:php

[ 2014-07-17T19:33:20+08:00 ] 0.0.0.0 /shuxiuclothes/index.php/User/php/bucketfunction.php
INFO: [ app_begin ] --START--
INFO: ReadHtmlCache Behavior ::run [ RunTime:0.000665s ]
INFO: [ app_begin ] --END-- [ RunTime:0.000749s ]
ERR: 非法操作:php

[ 2014-07-17T19:34:47+08:00 ] 0.0.0.0 /shuxiuclothes/index.php/User/php/bucketfunction.php
INFO: [ app_begin ] --START--
INFO: ReadHtmlCache Behavior ::run [ RunTime:0.000485s ]
INFO: [ app_begin ] --END-- [ RunTime:0.000562s ]
ERR: 非法操作:php

[ 2014-07-17T19:35:02+08:00 ] 0.0.0.0 /shuxiuclothes/index.php/User/php/bucketfunction.php
INFO: [ app_begin ] --START--
INFO: ReadHtmlCache Behavior ::run [ RunTime:0.000927s ]
INFO: [ app_begin ] --END-- [ RunTime:0.001069s ]
ERR: 非法操作:php

[ 2014-07-17T19:35:05+08:00 ] 0.0.0.0 /shuxiuclothes/index.php/User/php/bucketfunction.php
INFO: [ app_begin ] --START--
INFO: ReadHtmlCache Behavior ::run [ RunTime:0.000536s ]
INFO: [ app_begin ] --END-- [ RunTime:0.000616s ]
ERR: 非法操作:php

[ 2014-07-17T19:36:14+08:00 ] 0.0.0.0 /shuxiuclothes/index.php/User/php/bucketfunction.php
INFO: [ app_begin ] --START--
INFO: ReadHtmlCache Behavior ::run [ RunTime:0.000495s ]
INFO: [ app_begin ] --END-- [ RunTime:0.000577s ]
ERR: 非法操作:php

[ 2014-07-17T19:36:31+08:00 ] 0.0.0.0 /shuxiuclothes/index.php/User/php/bucketfunction.php
INFO: [ app_begin ] --START--
INFO: ReadHtmlCache Behavior ::run [ RunTime:0.000519s ]
INFO: [ app_begin ] --END-- [ RunTime:0.000602s ]
ERR: 非法操作:php

[ 2014-07-17T23:23:16+08:00 ] 0.0.0.0 /shuxiuclothes/index.php/User/php/bucketfunction.php
INFO: [ app_begin ] --START--
INFO: ReadHtmlCache Behavior ::run [ RunTime:0.002439s ]
INFO: [ app_begin ] --END-- [ RunTime:0.002839s ]
ERR: 非法操作:php

